[13:08:15.730][info] [#0:/home/fake/.config/emacs/.cache/lsp/lua-language-server/main.lua:68]: Lua Lsp startup, root: 	/home/fake/.config/emacs/.cache/lsp/lua-language-server
[13:08:15.730][info] [#0:/home/fake/.config/emacs/.cache/lsp/lua-language-server/main.lua:69]: ROOT:	/home/fake/.config/emacs/.cache/lsp/lua-language-server
[13:08:15.730][info] [#0:/home/fake/.config/emacs/.cache/lsp/lua-language-server/main.lua:70]: LOGPATH:	/home/fake/.config/emacs/.cache/lsp/lua-language-server/log
[13:08:15.730][info] [#0:/home/fake/.config/emacs/.cache/lsp/lua-language-server/main.lua:71]: METAPATH:	/home/fake/.config/emacs/.cache/lsp/lua-language-server/meta
[13:08:15.730][info] [#0:/home/fake/.config/emacs/.cache/lsp/lua-language-server/main.lua:72]: VERSION:	3.15.0
[13:08:15.762][info] [#0:script/proto/proto.lua:260]: Listen Mode: stdio
[13:08:15.762][info] [#0:script/service/service.lua:145]: 
========= Medical Examination Report =========
    --------------- Memory ---------------
        Total: 2.264 MB
        # 00 : 2.264 MB
        # 01 : 0.000 MB
        # 02 : 0.000 MB
        # 03 : 0.000 MB
        # 04 : 0.000 MB
    --------------- Coroutine ---------------
        Total:     0
        Running:   0
        Suspended: 0
        Normal:    0
        Dead:      0
    --------------- Cache ---------------
        Total: 1
        Dead:  0
    ---------------  RPC  ---------------
        Holdon:   0
        Waiting:  0
==============================================
[13:08:15.868][info] [#0:script/client.lua:657]: Client init	{
  capabilities = {
    general = {
      positionEncodings = { "utf-32", "utf-16" }
    },
    textDocument = {
      callHierarchy = {
        dynamicRegistration = false
      },
      codeAction = {
        codeActionLiteralSupport = {
          codeActionKind = {
            valueSet = { "", "quickfix", "refactor", "refactor.extract", "refactor.inline", "refactor.rewrite", "source", "source.organizeImports" }
          }
        },
        dataSupport = true,
        dynamicRegistration = true,
        isPreferredSupport = true,
        resolveSupport = {
          properties = { "edit", "command" }
        }
      },
      completion = {
        completionItem = {
          deprecatedSupport = true,
          documentationFormat = { "markdown", "plaintext" },
          insertReplaceSupport = true,
          insertTextModeSupport = {
            valueSet = { 1, 2 }
          },
          labelDetailsSupport = true,
          resolveAdditionalTextEditsSupport = true,
          resolveSupport = {
            properties = { "documentation", "detail", "additionalTextEdits", "command" }
          },
          snippetSupport = true
        },
        contextSupport = true,
        dynamicRegistration = true
      },
      declaration = {
        dynamicRegistration = true,
        linkSupport = true
      },
      definition = {
        dynamicRegistration = true,
        linkSupport = true
      },
      diagnostic = {
        dynamicRegistration = false,
        relatedDocumentSupport = false
      },
      documentLink = {
        dynamicRegistration = true,
        tooltipSupport = true
      },
      documentSymbol = {
        hierarchicalDocumentSymbolSupport = true,
        symbolKind = {
          valueSet = { 1, 2, 3, 4, 5, 6, 7, 8, 9, 10, 11, 12, 13, 14, 15, 16, 17, 18, 19, 20, 21, 22, 23, 24, 25, 26 }
        }
      },
      foldingRange = {
        dynamicRegistration = true
      },
      formatting = {
        dynamicRegistration = true
      },
      hover = {
        contentFormat = { "markdown", "plaintext" },
        dynamicRegistration = true
      },
      implementation = {
        dynamicRegistration = true,
        linkSupport = true
      },
      linkedEditingRange = {
        dynamicRegistration = true
      },
      onTypeFormatting = {
        dynamicRegistration = true
      },
      publishDiagnostics = {
        relatedInformation = true,
        tagSupport = {
          valueSet = { 1, 2 }
        },
        versionSupport = true
      },
      rangeFormatting = {
        dynamicRegistration = true
      },
      references = {
        dynamicRegistration = true
      },
      rename = {
        dynamicRegistration = true,
        prepareSupport = true
      },
      selectionRange = {
        dynamicRegistration = true
      },
      signatureHelp = {
        dynamicRegistration = true,
        signatureInformation = {
          activeParameterSupport = true,
          parameterInformation = {
            labelOffsetSupport = true
          }
        }
      },
      synchronization = {
        didSave = true,
        willSave = true,
        willSaveWaitUntil = true
      },
      typeDefinition = {
        dynamicRegistration = true,
        linkSupport = true
      },
      typeHierarchy = {
        dynamicRegistration = true
      }
    },
    window = {
      showDocument = {
        support = true
      },
      workDoneProgress = true
    },
    workspace = {
      applyEdit = true,
      codeLens = {
        refreshSupport = true
      },
      configuration = true,
      diagnostics = {
        refreshSupport = false
      },
      didChangeWatchedFiles = {
        dynamicRegistration = true
      },
      executeCommand = {
        dynamicRegistration = false
      },
      fileOperations = {
        didCreate = false,
        didDelete = false,
        didRename = true,
        willCreate = false,
        willDelete = false,
        willRename = true
      },
      symbol = {
        symbolKind = {
          valueSet = { 1, 2, 3, 4, 5, 6, 7, 8, 9, 10, 11, 12, 13, 14, 15, 16, 17, 18, 19, 20, 21, 22, 23, 24, 25, 26 }
        }
      },
      workspaceEdit = {
        documentChanges = true,
        resourceOperations = { "create", "rename", "delete" }
      },
      workspaceFolders = true
    }
  },
  clientInfo = {
    name = "emacs",
    version = "GNU Emacs 30.2 (build 2, x86_64-pc-linux-gnu, GTK+ Version 3.24.50, cairo version 1.18.4)"
  },
  processId = 731,
  rootPath = "/home/fake/.config/nvim",
  rootUri = "file:///home/fake/.config/nvim",
  workDoneToken = "1"
}
[13:08:15.868][info] [#0:script/language.lua:137]: VSC language: nil
[13:08:15.868][info] [#0:script/language.lua:138]: LS  language: en-us
[13:08:15.869][info] [#0:script/workspace/workspace.lua:38]: Workspace init root: 	file:///home/fake/.config/nvim
[13:08:15.869][info] [#0:script/workspace/workspace.lua:42]: Log path: 	/home/fake/.config/emacs/.cache/lsp/lua-language-server/log/file_home_fake_.config_nvim.log
[13:08:15.870][info] [#0:script/workspace/workspace.lua:48]: Workspace create: 	file:///home/fake/.config/nvim
[13:08:16.274][info] [#0:script/provider/provider.lua:49]: Load config from client	file:///home/fake/.config/nvim
[13:08:16.275][info] [#0:script/provider/provider.lua:50]: {
  Lua = {
    color = {
      mode = "Semantic"
    },
    completion = {
      callSnippet = "Disable",
      displayContext = 6,
      enable = true,
      keywordSnippet = "Replace",
      workspaceWord = true
    },
    develop = {
      debuggerPort = 11412,
      debuggerWait = false,
      enable = false
    },
    diagnostics = {
      enable = true,
      workspaceDelay = 0,
      workspaceRate = 100
    },
    hint = {
      enable = false,
      paramName = true,
      paramType = true
    },
    hover = {
      enable = true,
      fieldInfer = 3000,
      previewFields = 100,
      viewNumber = true,
      viewString = true,
      viewStringMax = 1000
    },
    intelliSense = {
      searchDepth = 0
    },
    runtime = {
      fileEncoding = "utf8",
      path = { "?.lua", "?/init.lua", "?/?.lua" },
      version = "Lua 5.4"
    },
    signatureHelp = {
      enable = true
    },
    telemetry = {
      enable = false
    },
    window = {
      progressBar = true,
      statusBar = true
    },
    workspace = {
      ignoreDir = { ".vscode" },
      ignoreSubmodules = true,
      maxPreload = 1000,
      preloadFileSize = 100,
      useGitIgnore = true
    }
  },
  ["files.associations"] = false,
  ["files.exclude"] = false
}
[13:08:16.275][info] [#0:script/provider/completion.lua:43]: Enable completion.
[13:08:16.375][info] [#0:script/provider/provider.lua:65]: Load config from client	fallback
[13:08:16.376][info] [#0:script/provider/provider.lua:66]: {
  Lua = {
    color = {
      mode = "Semantic"
    },
    completion = {
      callSnippet = "Disable",
      displayContext = 6,
      enable = true,
      keywordSnippet = "Replace",
      workspaceWord = true
    },
    develop = {
      debuggerPort = 11412,
      debuggerWait = false,
      enable = false
    },
    diagnostics = {
      enable = true,
      workspaceDelay = 0,
      workspaceRate = 100
    },
    hint = {
      enable = false,
      paramName = true,
      paramType = true
    },
    hover = {
      enable = true,
      fieldInfer = 3000,
      previewFields = 100,
      viewNumber = true,
      viewString = true,
      viewStringMax = 1000
    },
    intelliSense = {
      searchDepth = 0
    },
    runtime = {
      fileEncoding = "utf8",
      path = { "?.lua", "?/init.lua", "?/?.lua" },
      version = "Lua 5.4"
    },
    signatureHelp = {
      enable = true
    },
    telemetry = {
      enable = false
    },
    window = {
      progressBar = true,
      statusBar = true
    },
    workspace = {
      ignoreDir = { ".vscode" },
      ignoreSubmodules = true,
      maxPreload = 1000,
      preloadFileSize = 100,
      useGitIgnore = true
    }
  },
  ["files.associations"] = false,
  ["files.exclude"] = false
}
[13:08:16.494][info] [#0:script/library.lua:212]: Init builtin library at:	file:///home/fake/.config/nvim
[13:08:16.511][info] [#0:script/library.lua:212]: Init builtin library at:	nil
[13:08:16.625][info] [#0:script/workspace/workspace.lua:330]: Preload start:	file:///home/fake/.config/nvim
[13:08:16.628][info] [#0:script/workspace/workspace.lua:336]: Scan files at:	file:///home/fake/.config/nvim
[13:08:16.630][info] [#0:script/workspace/workspace.lua:330]: Preload start:	<fallback>
[13:08:16.636][info] [#0:script/workspace/workspace.lua:359]: Scan library at:	file:///home/fake/.config/emacs/.cache/lsp/lua-language-server/meta/Lua%205.4%20en-us%20utf8/coroutine.lua
[13:08:16.637][info] [#0:script/workspace/workspace.lua:359]: Scan library at:	file:///home/fake/.config/emacs/.cache/lsp/lua-language-server/meta/Lua%205.4%20en-us%20utf8/os.lua
[13:08:16.637][info] [#0:script/workspace/workspace.lua:359]: Scan library at:	file:///home/fake/.config/emacs/.cache/lsp/lua-language-server/meta/Lua%205.4%20en-us%20utf8/io.lua
[13:08:16.637][info] [#0:script/workspace/workspace.lua:359]: Scan library at:	file:///home/fake/.config/emacs/.cache/lsp/lua-language-server/meta/Lua%205.4%20en-us%20utf8/utf8.lua
[13:08:16.638][info] [#0:script/workspace/workspace.lua:359]: Scan library at:	file:///home/fake/.config/emacs/.cache/lsp/lua-language-server/meta/Lua%205.4%20en-us%20utf8/table.lua
[13:08:16.638][info] [#0:script/workspace/workspace.lua:359]: Scan library at:	file:///home/fake/.config/emacs/.cache/lsp/lua-language-server/meta/Lua%205.4%20en-us%20utf8/builtin.lua
[13:08:16.638][info] [#0:script/workspace/workspace.lua:359]: Scan library at:	file:///home/fake/.config/emacs/.cache/lsp/lua-language-server/meta/Lua%205.4%20en-us%20utf8/math.lua
[13:08:16.639][info] [#0:script/workspace/workspace.lua:359]: Scan library at:	file:///home/fake/.config/emacs/.cache/lsp/lua-language-server/meta/Lua%205.4%20en-us%20utf8/string.lua
[13:08:16.639][info] [#0:script/workspace/workspace.lua:359]: Scan library at:	file:///home/fake/.config/emacs/.cache/lsp/lua-language-server/meta/Lua%205.4%20en-us%20utf8/package.lua
[13:08:16.640][info] [#0:script/workspace/workspace.lua:359]: Scan library at:	file:///home/fake/.config/emacs/.cache/lsp/lua-language-server/meta/Lua%205.4%20en-us%20utf8/basic.lua
[13:08:16.640][info] [#0:script/workspace/workspace.lua:359]: Scan library at:	file:///home/fake/.config/emacs/.cache/lsp/lua-language-server/meta/Lua%205.4%20en-us%20utf8/debug.lua
[13:08:16.641][info] [#0:script/workspace/workspace.lua:359]: Scan library at:	file:///home/fake/.config/emacs/.cache/lsp/lua-language-server/meta/Lua%205.4%20en-us%20utf8/coroutine.lua
[13:08:16.641][info] [#0:script/workspace/workspace.lua:359]: Scan library at:	file:///home/fake/.config/emacs/.cache/lsp/lua-language-server/meta/Lua%205.4%20en-us%20utf8/os.lua
[13:08:16.641][info] [#0:script/workspace/workspace.lua:359]: Scan library at:	file:///home/fake/.config/emacs/.cache/lsp/lua-language-server/meta/Lua%205.4%20en-us%20utf8/io.lua
[13:08:16.641][info] [#0:script/workspace/workspace.lua:359]: Scan library at:	file:///home/fake/.config/emacs/.cache/lsp/lua-language-server/meta/Lua%205.4%20en-us%20utf8/utf8.lua
[13:08:16.642][info] [#0:script/workspace/workspace.lua:359]: Scan library at:	file:///home/fake/.config/emacs/.cache/lsp/lua-language-server/meta/Lua%205.4%20en-us%20utf8/table.lua
[13:08:16.642][info] [#0:script/workspace/workspace.lua:359]: Scan library at:	file:///home/fake/.config/emacs/.cache/lsp/lua-language-server/meta/Lua%205.4%20en-us%20utf8/builtin.lua
[13:08:16.642][info] [#0:script/workspace/workspace.lua:359]: Scan library at:	file:///home/fake/.config/emacs/.cache/lsp/lua-language-server/meta/Lua%205.4%20en-us%20utf8/math.lua
[13:08:16.642][info] [#0:script/workspace/workspace.lua:359]: Scan library at:	file:///home/fake/.config/emacs/.cache/lsp/lua-language-server/meta/Lua%205.4%20en-us%20utf8/string.lua
[13:08:16.643][info] [#0:script/workspace/workspace.lua:359]: Scan library at:	file:///home/fake/.config/emacs/.cache/lsp/lua-language-server/meta/Lua%205.4%20en-us%20utf8/package.lua
[13:08:16.643][info] [#0:script/workspace/workspace.lua:359]: Scan library at:	file:///home/fake/.config/emacs/.cache/lsp/lua-language-server/meta/Lua%205.4%20en-us%20utf8/basic.lua
[13:08:16.643][info] [#0:script/workspace/workspace.lua:359]: Scan library at:	file:///home/fake/.config/emacs/.cache/lsp/lua-language-server/meta/Lua%205.4%20en-us%20utf8/debug.lua
[13:08:16.743][info] [#0:script/workspace/workspace.lua:385]: Found 11 files at:	<fallback>
[13:08:16.743][info] [#0:script/workspace/loading.lua:160]: Load files from disk:	<fallback>
[13:08:16.744][info] [#0:script/workspace/workspace.lua:385]: Found 23 files at:	file:///home/fake/.config/nvim
[13:08:16.744][info] [#0:script/workspace/loading.lua:160]: Load files from disk:	file:///home/fake/.config/nvim
[13:08:16.745][info] [#0:script/workspace/loading.lua:100]: Preload file at: file:///home/fake/.config/emacs/.cache/lsp/lua-language-server/meta/Lua%205.4%20en-us%20utf8/debug.lua , size = 7.637 KB
[13:08:16.754][info] [#0:script/workspace/loading.lua:112]: ++++As library of:	file:///home/fake/.config/emacs/.cache/lsp/lua-language-server/meta/Lua%205.4%20en-us%20utf8/debug.lua
[13:08:16.754][info] [#0:script/workspace/loading.lua:100]: Preload file at: file:///home/fake/.config/emacs/.cache/lsp/lua-language-server/meta/Lua%205.4%20en-us%20utf8/basic.lua , size = 15.841 KB
[13:08:16.772][info] [#0:script/workspace/loading.lua:112]: ++++As library of:	file:///home/fake/.config/emacs/.cache/lsp/lua-language-server/meta/Lua%205.4%20en-us%20utf8/basic.lua
[13:08:16.772][info] [#0:script/workspace/loading.lua:97]: Skip loaded file: file:///home/fake/.config/emacs/.cache/lsp/lua-language-server/meta/Lua%205.4%20en-us%20utf8/debug.lua
[13:08:16.772][info] [#0:script/workspace/loading.lua:100]: Preload file at: file:///home/fake/.config/emacs/.cache/lsp/lua-language-server/meta/Lua%205.4%20en-us%20utf8/package.lua , size = 2.944 KB
[13:08:16.775][info] [#0:script/workspace/loading.lua:112]: ++++As library of:	file:///home/fake/.config/emacs/.cache/lsp/lua-language-server/meta/Lua%205.4%20en-us%20utf8/package.lua
[13:08:16.775][info] [#0:script/workspace/loading.lua:97]: Skip loaded file: file:///home/fake/.config/emacs/.cache/lsp/lua-language-server/meta/Lua%205.4%20en-us%20utf8/package.lua
[13:08:16.775][info] [#0:script/workspace/loading.lua:97]: Skip loaded file: file:///home/fake/.config/emacs/.cache/lsp/lua-language-server/meta/Lua%205.4%20en-us%20utf8/basic.lua
[13:08:16.775][info] [#0:script/workspace/loading.lua:100]: Preload file at: file:///home/fake/.config/emacs/.cache/lsp/lua-language-server/meta/Lua%205.4%20en-us%20utf8/string.lua , size = 5.234 KB
[13:08:16.781][info] [#0:script/workspace/loading.lua:112]: ++++As library of:	file:///home/fake/.config/emacs/.cache/lsp/lua-language-server/meta/Lua%205.4%20en-us%20utf8/string.lua
[13:08:16.781][info] [#0:script/workspace/loading.lua:97]: Skip loaded file: file:///home/fake/.config/emacs/.cache/lsp/lua-language-server/meta/Lua%205.4%20en-us%20utf8/string.lua
[13:08:16.781][info] [#0:script/workspace/loading.lua:100]: Preload file at: file:///home/fake/.config/emacs/.cache/lsp/lua-language-server/meta/Lua%205.4%20en-us%20utf8/math.lua , size = 8.542 KB
[13:08:16.795][info] [#0:script/workspace/loading.lua:112]: ++++As library of:	file:///home/fake/.config/emacs/.cache/lsp/lua-language-server/meta/Lua%205.4%20en-us%20utf8/math.lua
[13:08:16.795][info] [#0:script/workspace/loading.lua:97]: Skip loaded file: file:///home/fake/.config/emacs/.cache/lsp/lua-language-server/meta/Lua%205.4%20en-us%20utf8/math.lua
[13:08:16.795][info] [#0:script/workspace/loading.lua:100]: Preload file at: file:///home/fake/.config/emacs/.cache/lsp/lua-language-server/meta/Lua%205.4%20en-us%20utf8/builtin.lua , size = 0.302 KB
[13:08:16.796][info] [#0:script/workspace/loading.lua:112]: ++++As library of:	file:///home/fake/.config/emacs/.cache/lsp/lua-language-server/meta/Lua%205.4%20en-us%20utf8/builtin.lua
[13:08:16.796][info] [#0:script/workspace/loading.lua:97]: Skip loaded file: file:///home/fake/.config/emacs/.cache/lsp/lua-language-server/meta/Lua%205.4%20en-us%20utf8/builtin.lua
[13:08:16.796][info] [#0:script/workspace/loading.lua:100]: Preload file at: file:///home/fake/.config/emacs/.cache/lsp/lua-language-server/meta/Lua%205.4%20en-us%20utf8/table.lua , size = 4.445 KB
[13:08:16.801][info] [#0:script/workspace/loading.lua:112]: ++++As library of:	file:///home/fake/.config/emacs/.cache/lsp/lua-language-server/meta/Lua%205.4%20en-us%20utf8/table.lua
[13:08:16.801][info] [#0:script/workspace/loading.lua:97]: Skip loaded file: file:///home/fake/.config/emacs/.cache/lsp/lua-language-server/meta/Lua%205.4%20en-us%20utf8/table.lua
[13:08:16.801][info] [#0:script/workspace/loading.lua:100]: Preload file at: file:///home/fake/.config/emacs/.cache/lsp/lua-language-server/meta/Lua%205.4%20en-us%20utf8/utf8.lua , size = 2.386 KB
[13:08:16.804][info] [#0:script/workspace/loading.lua:112]: ++++As library of:	file:///home/fake/.config/emacs/.cache/lsp/lua-language-server/meta/Lua%205.4%20en-us%20utf8/utf8.lua
[13:08:16.804][info] [#0:script/workspace/loading.lua:88]: Skip loaded file: file:///home/fake/.config/emacs/.cache/lsp/lua-language-server/meta/Lua%205.4%20en-us%20utf8/utf8.lua
[13:08:16.804][info] [#0:script/workspace/loading.lua:112]: ++++As library of:	file:///home/fake/.config/emacs/.cache/lsp/lua-language-server/meta/Lua%205.4%20en-us%20utf8/utf8.lua
[13:08:16.805][info] [#0:script/workspace/loading.lua:100]: Preload file at: file:///home/fake/.config/emacs/.cache/lsp/lua-language-server/meta/Lua%205.4%20en-us%20utf8/io.lua , size = 6.364 KB
[13:08:16.811][info] [#0:script/workspace/loading.lua:112]: ++++As library of:	file:///home/fake/.config/emacs/.cache/lsp/lua-language-server/meta/Lua%205.4%20en-us%20utf8/io.lua
[13:08:16.811][info] [#0:script/workspace/loading.lua:100]: Preload file at: file:///home/fake/.config/emacs/.cache/lsp/lua-language-server/meta/Lua%205.4%20en-us%20utf8/os.lua , size = 5.611 KB
[13:08:16.817][info] [#0:script/workspace/loading.lua:112]: ++++As library of:	file:///home/fake/.config/emacs/.cache/lsp/lua-language-server/meta/Lua%205.4%20en-us%20utf8/os.lua
[13:08:16.817][info] [#0:script/workspace/loading.lua:97]: Skip loaded file: file:///home/fake/.config/emacs/.cache/lsp/lua-language-server/meta/Lua%205.4%20en-us%20utf8/io.lua
[13:08:16.818][info] [#0:script/workspace/loading.lua:88]: Skip loaded file: file:///home/fake/.config/emacs/.cache/lsp/lua-language-server/meta/Lua%205.4%20en-us%20utf8/os.lua
[13:08:16.818][info] [#0:script/workspace/loading.lua:112]: ++++As library of:	file:///home/fake/.config/emacs/.cache/lsp/lua-language-server/meta/Lua%205.4%20en-us%20utf8/os.lua
[13:08:16.818][info] [#0:script/workspace/loading.lua:100]: Preload file at: file:///home/fake/.config/emacs/.cache/lsp/lua-language-server/meta/Lua%205.4%20en-us%20utf8/coroutine.lua , size = 2.590 KB
[13:08:16.821][info] [#0:script/workspace/loading.lua:112]: ++++As library of:	file:///home/fake/.config/emacs/.cache/lsp/lua-language-server/meta/Lua%205.4%20en-us%20utf8/coroutine.lua
[13:08:16.821][info] [#0:script/workspace/loading.lua:88]: Skip loaded file: file:///home/fake/.config/emacs/.cache/lsp/lua-language-server/meta/Lua%205.4%20en-us%20utf8/coroutine.lua
[13:08:16.821][info] [#0:script/workspace/loading.lua:112]: ++++As library of:	file:///home/fake/.config/emacs/.cache/lsp/lua-language-server/meta/Lua%205.4%20en-us%20utf8/coroutine.lua
[13:08:16.821][info] [#0:script/workspace/loading.lua:172]: Loaded files takes [0.080] sec: <fallback>
[13:08:16.821][info] [#0:script/workspace/loading.lua:181]: Compile files takes [0.000] sec: <fallback>
[13:08:16.821][info] [#0:script/workspace/loading.lua:182]: Loaded finish:	<fallback>
[13:08:16.822][info] [#0:script/workspace/workspace.lua:387]: Preload finish at:	<fallback>
[13:08:16.831][info] [#0:script/workspace/loading.lua:88]: Skip loaded file: file:///home/fake/.config/nvim/init.lua
[13:08:16.831][info] [#0:script/workspace/loading.lua:100]: Preload file at: file:///home/fake/.config/nvim/lua/config/autocmds.lua , size = 0.414 KB
[13:08:16.832][info] [#0:script/workspace/loading.lua:100]: Preload file at: file:///home/fake/.config/nvim/lua/config/autopair.lua , size = 0.357 KB
[13:08:16.832][info] [#0:script/workspace/loading.lua:100]: Preload file at: file:///home/fake/.config/nvim/lua/config/keymaps.lua , size = 1.719 KB
[13:08:16.834][info] [#0:script/workspace/loading.lua:100]: Preload file at: file:///home/fake/.config/nvim/lua/config/lazy.lua , size = 1.812 KB
[13:08:16.836][info] [#0:script/workspace/loading.lua:100]: Preload file at: file:///home/fake/.config/nvim/lua/config/options.lua , size = 0.317 KB
[13:08:16.837][info] [#0:script/workspace/loading.lua:100]: Preload file at: file:///home/fake/.config/nvim/lua/plugins/cmp.lua , size = 1.487 KB
[13:08:16.839][info] [#0:script/workspace/loading.lua:100]: Preload file at: file:///home/fake/.config/nvim/lua/plugins/dashbooard.lua , size = 3.524 KB
[13:08:16.842][info] [#0:script/workspace/loading.lua:100]: Preload file at: file:///home/fake/.config/nvim/lua/plugins/example.lua , size = 5.900 KB
[13:08:16.844][info] [#0:script/workspace/loading.lua:100]: Preload file at: file:///home/fake/.config/nvim/lua/plugins/live-server.lua , size = 0.391 KB
[13:08:16.845][info] [#0:script/workspace/loading.lua:100]: Preload file at: file:///home/fake/.config/nvim/lua/plugins/snippets.lua , size = 0.185 KB
[13:08:16.845][info] [#0:script/workspace/loading.lua:100]: Preload file at: file:///home/fake/.config/nvim/lua/plugins/telescope_buffer.lua , size = 0.466 KB
[13:08:16.846][info] [#0:script/workspace/loading.lua:172]: Loaded files takes [0.104] sec: file:///home/fake/.config/nvim
[13:08:16.846][info] [#0:script/workspace/loading.lua:181]: Compile files takes [0.000] sec: file:///home/fake/.config/nvim
[13:08:16.846][info] [#0:script/workspace/loading.lua:182]: Loaded finish:	file:///home/fake/.config/nvim
[13:08:16.846][info] [#0:script/workspace/workspace.lua:387]: Preload finish at:	file:///home/fake/.config/nvim
[13:08:16.850][info] [#0:script/provider/diagnostic.lua:560]: Diagnostics scope [file:///home/fake/.config/nvim], files count:[23]
[13:08:17.015][info] [#0:script/provider/diagnostic.lua:577]: Diagnostics scope [file:///home/fake/.config/nvim] finished, takes [0.084] sec.
[13:13:00.857][info] [#0:script/workspace/workspace.lua:290]: Scan files at:	file:///home/fake/dotfiles/nvim/.config/nvim/lua/plugins/tokyonight.lua
[13:13:00.858][info] [#0:script/workspace/loading.lua:160]: Load files from disk:	file:///home/fake/dotfiles/nvim/.config/nvim/lua/plugins/tokyonight.lua
[13:13:00.859][info] [#0:script/workspace/loading.lua:100]: Preload file at: file:///home/fake/dotfiles/nvim/.config/nvim/lua/plugins/tokyonight.lua , size = 0.000 KB
[13:13:00.961][info] [#0:script/workspace/loading.lua:172]: Loaded files takes [0.002] sec: file:///home/fake/dotfiles/nvim/.config/nvim/lua/plugins/tokyonight.lua
[13:13:00.961][info] [#0:script/workspace/loading.lua:181]: Compile files takes [0.000] sec: file:///home/fake/dotfiles/nvim/.config/nvim/lua/plugins/tokyonight.lua
[13:13:00.961][info] [#0:script/workspace/loading.lua:182]: Loaded finish:	file:///home/fake/dotfiles/nvim/.config/nvim/lua/plugins/tokyonight.lua
[13:13:12.861][info] [#0:script/workspace/workspace.lua:290]: Scan files at:	file:///home/fake/dotfiles/nvim/.config/nvim/lua/plugins/tokyonight.lua
[13:13:12.863][info] [#0:script/workspace/loading.lua:160]: Load files from disk:	file:///home/fake/dotfiles/nvim/.config/nvim/lua/plugins/tokyonight.lua
[13:13:12.863][info] [#0:script/workspace/loading.lua:88]: Skip loaded file: file:///home/fake/dotfiles/nvim/.config/nvim/lua/plugins/tokyonight.lua
[13:13:12.863][info] [#0:script/workspace/loading.lua:172]: Loaded files takes [0.000] sec: file:///home/fake/dotfiles/nvim/.config/nvim/lua/plugins/tokyonight.lua
[13:13:12.863][info] [#0:script/workspace/loading.lua:181]: Compile files takes [0.000] sec: file:///home/fake/dotfiles/nvim/.config/nvim/lua/plugins/tokyonight.lua
[13:13:12.863][info] [#0:script/workspace/loading.lua:182]: Loaded finish:	file:///home/fake/dotfiles/nvim/.config/nvim/lua/plugins/tokyonight.lua
[13:13:13.868][info] [#0:script/workspace/workspace.lua:290]: Scan files at:	file:///home/fake/dotfiles/nvim/.config/nvim/lua/plugins/tokyonight.lua
[13:13:13.868][info] [#0:script/workspace/loading.lua:160]: Load files from disk:	file:///home/fake/dotfiles/nvim/.config/nvim/lua/plugins/tokyonight.lua
[13:13:13.868][info] [#0:script/workspace/loading.lua:88]: Skip loaded file: file:///home/fake/dotfiles/nvim/.config/nvim/lua/plugins/tokyonight.lua
[13:13:13.869][info] [#0:script/workspace/loading.lua:172]: Loaded files takes [0.000] sec: file:///home/fake/dotfiles/nvim/.config/nvim/lua/plugins/tokyonight.lua
[13:13:13.869][info] [#0:script/workspace/loading.lua:181]: Compile files takes [0.000] sec: file:///home/fake/dotfiles/nvim/.config/nvim/lua/plugins/tokyonight.lua
[13:13:13.869][info] [#0:script/workspace/loading.lua:182]: Loaded finish:	file:///home/fake/dotfiles/nvim/.config/nvim/lua/plugins/tokyonight.lua
[13:13:39.869][info] [#0:script/workspace/workspace.lua:290]: Scan files at:	file:///home/fake/dotfiles/nvim/.config/nvim/init.lua
[13:13:39.871][info] [#0:script/workspace/loading.lua:160]: Load files from disk:	file:///home/fake/dotfiles/nvim/.config/nvim/init.lua
[13:13:39.871][info] [#0:script/workspace/loading.lua:100]: Preload file at: file:///home/fake/dotfiles/nvim/.config/nvim/init.lua , size = 0.213 KB
[13:13:39.973][info] [#0:script/workspace/loading.lua:172]: Loaded files takes [0.002] sec: file:///home/fake/dotfiles/nvim/.config/nvim/init.lua
[13:13:39.973][info] [#0:script/workspace/loading.lua:181]: Compile files takes [0.000] sec: file:///home/fake/dotfiles/nvim/.config/nvim/init.lua
[13:13:39.973][info] [#0:script/workspace/loading.lua:182]: Loaded finish:	file:///home/fake/dotfiles/nvim/.config/nvim/init.lua
[13:13:40.888][info] [#0:script/workspace/workspace.lua:290]: Scan files at:	file:///home/fake/dotfiles/nvim/.config/nvim/init.lua
[13:13:40.889][info] [#0:script/workspace/loading.lua:160]: Load files from disk:	file:///home/fake/dotfiles/nvim/.config/nvim/init.lua
[13:13:40.889][info] [#0:script/workspace/loading.lua:88]: Skip loaded file: file:///home/fake/dotfiles/nvim/.config/nvim/init.lua
[13:13:40.889][info] [#0:script/workspace/loading.lua:172]: Loaded files takes [0.000] sec: file:///home/fake/dotfiles/nvim/.config/nvim/init.lua
[13:13:40.889][info] [#0:script/workspace/loading.lua:181]: Compile files takes [0.000] sec: file:///home/fake/dotfiles/nvim/.config/nvim/init.lua
[13:13:40.889][info] [#0:script/workspace/loading.lua:182]: Loaded finish:	file:///home/fake/dotfiles/nvim/.config/nvim/init.lua
[13:14:05.881][info] [#0:script/workspace/workspace.lua:290]: Scan files at:	file:///home/fake/dotfiles/nvim/.config/nvim/lua/plugins/tokyonight.lua
[13:14:05.881][info] [#0:script/workspace/loading.lua:160]: Load files from disk:	file:///home/fake/dotfiles/nvim/.config/nvim/lua/plugins/tokyonight.lua
[13:14:05.881][info] [#0:script/workspace/loading.lua:88]: Skip loaded file: file:///home/fake/dotfiles/nvim/.config/nvim/lua/plugins/tokyonight.lua
[13:14:05.881][info] [#0:script/workspace/loading.lua:172]: Loaded files takes [0.000] sec: file:///home/fake/dotfiles/nvim/.config/nvim/lua/plugins/tokyonight.lua
[13:14:05.882][info] [#0:script/workspace/loading.lua:181]: Compile files takes [0.000] sec: file:///home/fake/dotfiles/nvim/.config/nvim/lua/plugins/tokyonight.lua
[13:14:05.882][info] [#0:script/workspace/loading.lua:182]: Loaded finish:	file:///home/fake/dotfiles/nvim/.config/nvim/lua/plugins/tokyonight.lua
[13:14:16.883][info] [#0:script/workspace/workspace.lua:290]: Scan files at:	file:///home/fake/dotfiles/nvim/.config/nvim/lua/plugins/transparent.lua
[13:14:16.883][info] [#0:script/workspace/loading.lua:160]: Load files from disk:	file:///home/fake/dotfiles/nvim/.config/nvim/lua/plugins/transparent.lua
[13:14:16.884][info] [#0:script/workspace/loading.lua:100]: Preload file at: file:///home/fake/dotfiles/nvim/.config/nvim/lua/plugins/transparent.lua , size = 0.000 KB
[13:14:16.985][info] [#0:script/workspace/loading.lua:172]: Loaded files takes [0.001] sec: file:///home/fake/dotfiles/nvim/.config/nvim/lua/plugins/transparent.lua
[13:14:16.985][info] [#0:script/workspace/loading.lua:181]: Compile files takes [0.000] sec: file:///home/fake/dotfiles/nvim/.config/nvim/lua/plugins/transparent.lua
[13:14:16.985][info] [#0:script/workspace/loading.lua:182]: Loaded finish:	file:///home/fake/dotfiles/nvim/.config/nvim/lua/plugins/transparent.lua
[13:14:37.891][info] [#0:script/workspace/workspace.lua:290]: Scan files at:	file:///home/fake/dotfiles/nvim/.config/nvim/init.lua
[13:14:37.892][info] [#0:script/workspace/loading.lua:160]: Load files from disk:	file:///home/fake/dotfiles/nvim/.config/nvim/init.lua
[13:14:37.892][info] [#0:script/workspace/loading.lua:88]: Skip loaded file: file:///home/fake/dotfiles/nvim/.config/nvim/init.lua
[13:14:37.893][info] [#0:script/workspace/loading.lua:172]: Loaded files takes [0.000] sec: file:///home/fake/dotfiles/nvim/.config/nvim/init.lua
[13:14:37.893][info] [#0:script/workspace/loading.lua:181]: Compile files takes [0.000] sec: file:///home/fake/dotfiles/nvim/.config/nvim/init.lua
[13:14:37.893][info] [#0:script/workspace/loading.lua:182]: Loaded finish:	file:///home/fake/dotfiles/nvim/.config/nvim/init.lua
[13:14:47.889][info] [#0:script/workspace/workspace.lua:290]: Scan files at:	file:///home/fake/dotfiles/nvim/.config/nvim/lua/plugins/transparent.lua
[13:14:47.890][info] [#0:script/workspace/loading.lua:160]: Load files from disk:	file:///home/fake/dotfiles/nvim/.config/nvim/lua/plugins/transparent.lua
[13:14:47.890][info] [#0:script/workspace/loading.lua:88]: Skip loaded file: file:///home/fake/dotfiles/nvim/.config/nvim/lua/plugins/transparent.lua
[13:14:47.890][info] [#0:script/workspace/loading.lua:172]: Loaded files takes [0.000] sec: file:///home/fake/dotfiles/nvim/.config/nvim/lua/plugins/transparent.lua
[13:14:47.890][info] [#0:script/workspace/loading.lua:181]: Compile files takes [0.000] sec: file:///home/fake/dotfiles/nvim/.config/nvim/lua/plugins/transparent.lua
[13:14:47.890][info] [#0:script/workspace/loading.lua:182]: Loaded finish:	file:///home/fake/dotfiles/nvim/.config/nvim/lua/plugins/transparent.lua
[13:14:48.894][info] [#0:script/workspace/workspace.lua:290]: Scan files at:	file:///home/fake/dotfiles/nvim/.config/nvim/lua/plugins/transparent.lua
[13:14:48.894][info] [#0:script/workspace/loading.lua:160]: Load files from disk:	file:///home/fake/dotfiles/nvim/.config/nvim/lua/plugins/transparent.lua
[13:14:48.894][info] [#0:script/workspace/loading.lua:88]: Skip loaded file: file:///home/fake/dotfiles/nvim/.config/nvim/lua/plugins/transparent.lua
[13:14:48.894][info] [#0:script/workspace/loading.lua:172]: Loaded files takes [0.000] sec: file:///home/fake/dotfiles/nvim/.config/nvim/lua/plugins/transparent.lua
[13:14:48.894][info] [#0:script/workspace/loading.lua:181]: Compile files takes [0.000] sec: file:///home/fake/dotfiles/nvim/.config/nvim/lua/plugins/transparent.lua
[13:14:48.894][info] [#0:script/workspace/loading.lua:182]: Loaded finish:	file:///home/fake/dotfiles/nvim/.config/nvim/lua/plugins/transparent.lua
[13:14:49.899][info] [#0:script/workspace/workspace.lua:290]: Scan files at:	file:///home/fake/dotfiles/nvim/.config/nvim/lua/plugins/transparent.lua
[13:14:49.899][info] [#0:script/workspace/loading.lua:160]: Load files from disk:	file:///home/fake/dotfiles/nvim/.config/nvim/lua/plugins/transparent.lua
[13:14:49.899][info] [#0:script/workspace/loading.lua:88]: Skip loaded file: file:///home/fake/dotfiles/nvim/.config/nvim/lua/plugins/transparent.lua
[13:14:49.899][info] [#0:script/workspace/loading.lua:172]: Loaded files takes [0.000] sec: file:///home/fake/dotfiles/nvim/.config/nvim/lua/plugins/transparent.lua
[13:14:49.899][info] [#0:script/workspace/loading.lua:181]: Compile files takes [0.000] sec: file:///home/fake/dotfiles/nvim/.config/nvim/lua/plugins/transparent.lua
[13:14:49.899][info] [#0:script/workspace/loading.lua:182]: Loaded finish:	file:///home/fake/dotfiles/nvim/.config/nvim/lua/plugins/transparent.lua
[13:18:15.976][info] [#0:script/service/service.lua:145]: 
========= Medical Examination Report =========
    --------------- Memory ---------------
        Total: 11.699 MB
        # 00 : 11.354 MB
        # 01 : 0.053 MB
        # 02 : 0.053 MB
        # 03 : 0.127 MB
        # 04 : 0.112 MB
    --------------- Coroutine ---------------
        Total:     338
        Running:   0
        Suspended: 0
        Normal:    0
        Dead:      338
    --------------- Cache ---------------
        Total: 4
        Dead:  3
    ---------------  RPC  ---------------
        Holdon:   0
        Waiting:  0
==============================================
[13:28:16.202][info] [#0:script/service/service.lua:145]: 
========= Medical Examination Report =========
    --------------- Memory ---------------
        Total: 11.714 MB
        # 00 : 11.370 MB
        # 01 : 0.053 MB
        # 02 : 0.053 MB
        # 03 : 0.127 MB
        # 04 : 0.112 MB
    --------------- Coroutine ---------------
        Total:     342
        Running:   0
        Suspended: 0
        Normal:    0
        Dead:      342
    --------------- Cache ---------------
        Total: 4
        Dead:  3
    ---------------  RPC  ---------------
        Holdon:   0
        Waiting:  0
==============================================
[13:38:16.418][info] [#0:script/service/service.lua:145]: 
========= Medical Examination Report =========
    --------------- Memory ---------------
        Total: 11.718 MB
        # 00 : 11.374 MB
        # 01 : 0.053 MB
        # 02 : 0.053 MB
        # 03 : 0.127 MB
        # 04 : 0.112 MB
    --------------- Coroutine ---------------
        Total:     342
        Running:   0
        Suspended: 0
        Normal:    0
        Dead:      342
    --------------- Cache ---------------
        Total: 4
        Dead:  3
    ---------------  RPC  ---------------
        Holdon:   0
        Waiting:  0
==============================================
