[13:08:42.538][info] [#0:/home/fake/.config/emacs/.cache/lsp/lua-language-server/main.lua:68]: Lua Lsp startup, root: 	/home/fake/.config/emacs/.cache/lsp/lua-language-server
[13:08:42.538][info] [#0:/home/fake/.config/emacs/.cache/lsp/lua-language-server/main.lua:69]: ROOT:	/home/fake/.config/emacs/.cache/lsp/lua-language-server
[13:08:42.538][info] [#0:/home/fake/.config/emacs/.cache/lsp/lua-language-server/main.lua:70]: LOGPATH:	/home/fake/.config/emacs/.cache/lsp/lua-language-server/log
[13:08:42.538][info] [#0:/home/fake/.config/emacs/.cache/lsp/lua-language-server/main.lua:71]: METAPATH:	/home/fake/.config/emacs/.cache/lsp/lua-language-server/meta
[13:08:42.538][info] [#0:/home/fake/.config/emacs/.cache/lsp/lua-language-server/main.lua:72]: VERSION:	3.15.0
[13:08:42.570][info] [#0:script/proto/proto.lua:260]: Listen Mode: stdio
[13:08:42.571][info] [#0:script/service/service.lua:145]: 
========= Medical Examination Report =========
    --------------- Memory ---------------
        Total: 2.264 MB
        # 00 : 2.264 MB
        # 01 : 0.000 MB
        # 02 : 0.000 MB
        # 03 : 0.000 MB
        # 04 : 0.000 MB
    --------------- Coroutine ---------------
        Total:     0
        Running:   0
        Suspended: 0
        Normal:    0
        Dead:      0
    --------------- Cache ---------------
        Total: 1
        Dead:  0
    ---------------  RPC  ---------------
        Holdon:   0
        Waiting:  0
==============================================
[13:08:42.678][info] [#0:script/client.lua:657]: Client init	{
  capabilities = {
    general = {
      positionEncodings = { "utf-32", "utf-16" }
    },
    textDocument = {
      callHierarchy = {
        dynamicRegistration = false
      },
      codeAction = {
        codeActionLiteralSupport = {
          codeActionKind = {
            valueSet = { "", "quickfix", "refactor", "refactor.extract", "refactor.inline", "refactor.rewrite", "source", "source.organizeImports" }
          }
        },
        dataSupport = true,
        dynamicRegistration = true,
        isPreferredSupport = true,
        resolveSupport = {
          properties = { "edit", "command" }
        }
      },
      completion = {
        completionItem = {
          deprecatedSupport = true,
          documentationFormat = { "markdown", "plaintext" },
          insertReplaceSupport = true,
          insertTextModeSupport = {
            valueSet = { 1, 2 }
          },
          labelDetailsSupport = true,
          resolveAdditionalTextEditsSupport = true,
          resolveSupport = {
            properties = { "documentation", "detail", "additionalTextEdits", "command" }
          },
          snippetSupport = true
        },
        contextSupport = true,
        dynamicRegistration = true
      },
      declaration = {
        dynamicRegistration = true,
        linkSupport = true
      },
      definition = {
        dynamicRegistration = true,
        linkSupport = true
      },
      diagnostic = {
        dynamicRegistration = false,
        relatedDocumentSupport = false
      },
      documentLink = {
        dynamicRegistration = true,
        tooltipSupport = true
      },
      documentSymbol = {
        hierarchicalDocumentSymbolSupport = true,
        symbolKind = {
          valueSet = { 1, 2, 3, 4, 5, 6, 7, 8, 9, 10, 11, 12, 13, 14, 15, 16, 17, 18, 19, 20, 21, 22, 23, 24, 25, 26 }
        }
      },
      foldingRange = {
        dynamicRegistration = true
      },
      formatting = {
        dynamicRegistration = true
      },
      hover = {
        contentFormat = { "markdown", "plaintext" },
        dynamicRegistration = true
      },
      implementation = {
        dynamicRegistration = true,
        linkSupport = true
      },
      linkedEditingRange = {
        dynamicRegistration = true
      },
      onTypeFormatting = {
        dynamicRegistration = true
      },
      publishDiagnostics = {
        relatedInformation = true,
        tagSupport = {
          valueSet = { 1, 2 }
        },
        versionSupport = true
      },
      rangeFormatting = {
        dynamicRegistration = true
      },
      references = {
        dynamicRegistration = true
      },
      rename = {
        dynamicRegistration = true,
        prepareSupport = true
      },
      selectionRange = {
        dynamicRegistration = true
      },
      signatureHelp = {
        dynamicRegistration = true,
        signatureInformation = {
          activeParameterSupport = true,
          parameterInformation = {
            labelOffsetSupport = true
          }
        }
      },
      synchronization = {
        didSave = true,
        willSave = true,
        willSaveWaitUntil = true
      },
      typeDefinition = {
        dynamicRegistration = true,
        linkSupport = true
      },
      typeHierarchy = {
        dynamicRegistration = true
      }
    },
    window = {
      showDocument = {
        support = true
      },
      workDoneProgress = true
    },
    workspace = {
      applyEdit = true,
      codeLens = {
        refreshSupport = true
      },
      configuration = true,
      diagnostics = {
        refreshSupport = false
      },
      didChangeWatchedFiles = {
        dynamicRegistration = true
      },
      executeCommand = {
        dynamicRegistration = false
      },
      fileOperations = {
        didCreate = false,
        didDelete = false,
        didRename = true,
        willCreate = false,
        willDelete = false,
        willRename = true
      },
      symbol = {
        symbolKind = {
          valueSet = { 1, 2, 3, 4, 5, 6, 7, 8, 9, 10, 11, 12, 13, 14, 15, 16, 17, 18, 19, 20, 21, 22, 23, 24, 25, 26 }
        }
      },
      workspaceEdit = {
        documentChanges = true,
        resourceOperations = { "create", "rename", "delete" }
      },
      workspaceFolders = true
    }
  },
  clientInfo = {
    name = "emacs",
    version = "GNU Emacs 30.2 (build 2, x86_64-pc-linux-gnu, GTK+ Version 3.24.50, cairo version 1.18.4)"
  },
  processId = 731,
  rootPath = "/home/fake/dotfiles/nvim/.config/nvim/lua/config",
  rootUri = "file:///home/fake/dotfiles/nvim/.config/nvim/lua/config",
  workDoneToken = "1"
}
[13:08:42.678][info] [#0:script/language.lua:137]: VSC language: nil
[13:08:42.678][info] [#0:script/language.lua:138]: LS  language: en-us
[13:08:42.678][info] [#0:script/workspace/workspace.lua:38]: Workspace init root: 	file:///home/fake/dotfiles/nvim/.config/nvim/lua/config
[13:08:42.679][info] [#0:script/workspace/workspace.lua:42]: Log path: 	/home/fake/.config/emacs/.cache/lsp/lua-language-server/log/file_home_fake_dotfiles_nvim_.config_nvim_lua_config.log
[13:08:42.680][info] [#0:script/workspace/workspace.lua:48]: Workspace create: 	file:///home/fake/dotfiles/nvim/.config/nvim/lua/config
[13:08:42.987][info] [#0:script/provider/provider.lua:49]: Load config from client	file:///home/fake/dotfiles/nvim/.config/nvim/lua/config
[13:08:42.988][info] [#0:script/provider/provider.lua:50]: {
  Lua = {
    color = {
      mode = "Semantic"
    },
    completion = {
      callSnippet = "Disable",
      displayContext = 6,
      enable = true,
      keywordSnippet = "Replace",
      workspaceWord = true
    },
    develop = {
      debuggerPort = 11412,
      debuggerWait = false,
      enable = false
    },
    diagnostics = {
      enable = true,
      workspaceDelay = 0,
      workspaceRate = 100
    },
    hint = {
      enable = false,
      paramName = true,
      paramType = true
    },
    hover = {
      enable = true,
      fieldInfer = 3000,
      previewFields = 100,
      viewNumber = true,
      viewString = true,
      viewStringMax = 1000
    },
    intelliSense = {
      searchDepth = 0
    },
    runtime = {
      fileEncoding = "utf8",
      path = { "?.lua", "?/init.lua", "?/?.lua" },
      version = "Lua 5.4"
    },
    signatureHelp = {
      enable = true
    },
    telemetry = {
      enable = false
    },
    window = {
      progressBar = true,
      statusBar = true
    },
    workspace = {
      ignoreDir = { ".vscode" },
      ignoreSubmodules = true,
      maxPreload = 1000,
      preloadFileSize = 100,
      useGitIgnore = true
    }
  },
  ["files.associations"] = false,
  ["files.exclude"] = false
}
[13:08:43.089][info] [#0:script/provider/completion.lua:43]: Enable completion.
[13:08:43.090][info] [#0:script/provider/provider.lua:65]: Load config from client	fallback
[13:08:43.091][info] [#0:script/provider/provider.lua:66]: {
  Lua = {
    color = {
      mode = "Semantic"
    },
    completion = {
      callSnippet = "Disable",
      displayContext = 6,
      enable = true,
      keywordSnippet = "Replace",
      workspaceWord = true
    },
    develop = {
      debuggerPort = 11412,
      debuggerWait = false,
      enable = false
    },
    diagnostics = {
      enable = true,
      workspaceDelay = 0,
      workspaceRate = 100
    },
    hint = {
      enable = false,
      paramName = true,
      paramType = true
    },
    hover = {
      enable = true,
      fieldInfer = 3000,
      previewFields = 100,
      viewNumber = true,
      viewString = true,
      viewStringMax = 1000
    },
    intelliSense = {
      searchDepth = 0
    },
    runtime = {
      fileEncoding = "utf8",
      path = { "?.lua", "?/init.lua", "?/?.lua" },
      version = "Lua 5.4"
    },
    signatureHelp = {
      enable = true
    },
    telemetry = {
      enable = false
    },
    window = {
      progressBar = true,
      statusBar = true
    },
    workspace = {
      ignoreDir = { ".vscode" },
      ignoreSubmodules = true,
      maxPreload = 1000,
      preloadFileSize = 100,
      useGitIgnore = true
    }
  },
  ["files.associations"] = false,
  ["files.exclude"] = false
}
[13:08:43.228][info] [#0:script/library.lua:212]: Init builtin library at:	file:///home/fake/dotfiles/nvim/.config/nvim/lua/config
[13:08:43.254][info] [#0:script/library.lua:212]: Init builtin library at:	nil
[13:08:43.368][info] [#0:script/workspace/workspace.lua:330]: Preload start:	file:///home/fake/dotfiles/nvim/.config/nvim/lua/config
[13:08:43.382][info] [#0:script/workspace/workspace.lua:336]: Scan files at:	file:///home/fake/dotfiles/nvim/.config/nvim/lua/config
[13:08:43.384][info] [#0:script/workspace/workspace.lua:330]: Preload start:	<fallback>
[13:08:43.403][info] [#0:script/workspace/workspace.lua:359]: Scan library at:	file:///home/fake/.config/emacs/.cache/lsp/lua-language-server/meta/Lua%205.4%20en-us%20utf8/coroutine.lua
[13:08:43.404][info] [#0:script/workspace/workspace.lua:359]: Scan library at:	file:///home/fake/.config/emacs/.cache/lsp/lua-language-server/meta/Lua%205.4%20en-us%20utf8/os.lua
[13:08:43.404][info] [#0:script/workspace/workspace.lua:359]: Scan library at:	file:///home/fake/.config/emacs/.cache/lsp/lua-language-server/meta/Lua%205.4%20en-us%20utf8/io.lua
[13:08:43.405][info] [#0:script/workspace/workspace.lua:359]: Scan library at:	file:///home/fake/.config/emacs/.cache/lsp/lua-language-server/meta/Lua%205.4%20en-us%20utf8/utf8.lua
[13:08:43.405][info] [#0:script/workspace/workspace.lua:359]: Scan library at:	file:///home/fake/.config/emacs/.cache/lsp/lua-language-server/meta/Lua%205.4%20en-us%20utf8/table.lua
[13:08:43.405][info] [#0:script/workspace/workspace.lua:359]: Scan library at:	file:///home/fake/.config/emacs/.cache/lsp/lua-language-server/meta/Lua%205.4%20en-us%20utf8/coroutine.lua
[13:08:43.406][info] [#0:script/workspace/workspace.lua:359]: Scan library at:	file:///home/fake/.config/emacs/.cache/lsp/lua-language-server/meta/Lua%205.4%20en-us%20utf8/builtin.lua
[13:08:43.406][info] [#0:script/workspace/workspace.lua:359]: Scan library at:	file:///home/fake/.config/emacs/.cache/lsp/lua-language-server/meta/Lua%205.4%20en-us%20utf8/os.lua
[13:08:43.406][info] [#0:script/workspace/workspace.lua:359]: Scan library at:	file:///home/fake/.config/emacs/.cache/lsp/lua-language-server/meta/Lua%205.4%20en-us%20utf8/math.lua
[13:08:43.406][info] [#0:script/workspace/workspace.lua:359]: Scan library at:	file:///home/fake/.config/emacs/.cache/lsp/lua-language-server/meta/Lua%205.4%20en-us%20utf8/io.lua
[13:08:43.407][info] [#0:script/workspace/workspace.lua:359]: Scan library at:	file:///home/fake/.config/emacs/.cache/lsp/lua-language-server/meta/Lua%205.4%20en-us%20utf8/string.lua
[13:08:43.407][info] [#0:script/workspace/workspace.lua:359]: Scan library at:	file:///home/fake/.config/emacs/.cache/lsp/lua-language-server/meta/Lua%205.4%20en-us%20utf8/utf8.lua
[13:08:43.407][info] [#0:script/workspace/workspace.lua:359]: Scan library at:	file:///home/fake/.config/emacs/.cache/lsp/lua-language-server/meta/Lua%205.4%20en-us%20utf8/package.lua
[13:08:43.408][info] [#0:script/workspace/workspace.lua:359]: Scan library at:	file:///home/fake/.config/emacs/.cache/lsp/lua-language-server/meta/Lua%205.4%20en-us%20utf8/table.lua
[13:08:43.408][info] [#0:script/workspace/workspace.lua:359]: Scan library at:	file:///home/fake/.config/emacs/.cache/lsp/lua-language-server/meta/Lua%205.4%20en-us%20utf8/basic.lua
[13:08:43.408][info] [#0:script/workspace/workspace.lua:359]: Scan library at:	file:///home/fake/.config/emacs/.cache/lsp/lua-language-server/meta/Lua%205.4%20en-us%20utf8/builtin.lua
[13:08:43.408][info] [#0:script/workspace/workspace.lua:359]: Scan library at:	file:///home/fake/.config/emacs/.cache/lsp/lua-language-server/meta/Lua%205.4%20en-us%20utf8/debug.lua
[13:08:43.409][info] [#0:script/workspace/workspace.lua:359]: Scan library at:	file:///home/fake/.config/emacs/.cache/lsp/lua-language-server/meta/Lua%205.4%20en-us%20utf8/math.lua
[13:08:43.409][info] [#0:script/workspace/workspace.lua:359]: Scan library at:	file:///home/fake/.config/emacs/.cache/lsp/lua-language-server/meta/Lua%205.4%20en-us%20utf8/string.lua
[13:08:43.409][info] [#0:script/workspace/workspace.lua:359]: Scan library at:	file:///home/fake/.config/emacs/.cache/lsp/lua-language-server/meta/Lua%205.4%20en-us%20utf8/package.lua
[13:08:43.409][info] [#0:script/workspace/workspace.lua:359]: Scan library at:	file:///home/fake/.config/emacs/.cache/lsp/lua-language-server/meta/Lua%205.4%20en-us%20utf8/basic.lua
[13:08:43.410][info] [#0:script/workspace/workspace.lua:359]: Scan library at:	file:///home/fake/.config/emacs/.cache/lsp/lua-language-server/meta/Lua%205.4%20en-us%20utf8/debug.lua
[13:08:43.510][info] [#0:script/workspace/workspace.lua:385]: Found 11 files at:	<fallback>
[13:08:43.510][info] [#0:script/workspace/loading.lua:160]: Load files from disk:	<fallback>
[13:08:43.511][info] [#0:script/workspace/workspace.lua:385]: Found 16 files at:	file:///home/fake/dotfiles/nvim/.config/nvim/lua/config
[13:08:43.511][info] [#0:script/workspace/loading.lua:160]: Load files from disk:	file:///home/fake/dotfiles/nvim/.config/nvim/lua/config
[13:08:43.514][info] [#0:script/workspace/loading.lua:100]: Preload file at: file:///home/fake/.config/emacs/.cache/lsp/lua-language-server/meta/Lua%205.4%20en-us%20utf8/debug.lua , size = 7.637 KB
[13:08:43.538][info] [#0:script/workspace/loading.lua:112]: ++++As library of:	file:///home/fake/.config/emacs/.cache/lsp/lua-language-server/meta/Lua%205.4%20en-us%20utf8/debug.lua
[13:08:43.538][info] [#0:script/workspace/loading.lua:100]: Preload file at: file:///home/fake/.config/emacs/.cache/lsp/lua-language-server/meta/Lua%205.4%20en-us%20utf8/basic.lua , size = 15.841 KB
[13:08:43.562][info] [#0:script/workspace/loading.lua:112]: ++++As library of:	file:///home/fake/.config/emacs/.cache/lsp/lua-language-server/meta/Lua%205.4%20en-us%20utf8/basic.lua
[13:08:43.562][info] [#0:script/workspace/loading.lua:97]: Skip loaded file: file:///home/fake/.config/emacs/.cache/lsp/lua-language-server/meta/Lua%205.4%20en-us%20utf8/debug.lua
[13:08:43.562][info] [#0:script/workspace/loading.lua:100]: Preload file at: file:///home/fake/.config/emacs/.cache/lsp/lua-language-server/meta/Lua%205.4%20en-us%20utf8/package.lua , size = 2.944 KB
[13:08:43.564][info] [#0:script/workspace/loading.lua:112]: ++++As library of:	file:///home/fake/.config/emacs/.cache/lsp/lua-language-server/meta/Lua%205.4%20en-us%20utf8/package.lua
[13:08:43.564][info] [#0:script/workspace/loading.lua:97]: Skip loaded file: file:///home/fake/.config/emacs/.cache/lsp/lua-language-server/meta/Lua%205.4%20en-us%20utf8/package.lua
[13:08:43.564][info] [#0:script/workspace/loading.lua:97]: Skip loaded file: file:///home/fake/.config/emacs/.cache/lsp/lua-language-server/meta/Lua%205.4%20en-us%20utf8/basic.lua
[13:08:43.564][info] [#0:script/workspace/loading.lua:100]: Preload file at: file:///home/fake/.config/emacs/.cache/lsp/lua-language-server/meta/Lua%205.4%20en-us%20utf8/string.lua , size = 5.234 KB
[13:08:43.568][info] [#0:script/workspace/loading.lua:112]: ++++As library of:	file:///home/fake/.config/emacs/.cache/lsp/lua-language-server/meta/Lua%205.4%20en-us%20utf8/string.lua
[13:08:43.568][info] [#0:script/workspace/loading.lua:97]: Skip loaded file: file:///home/fake/.config/emacs/.cache/lsp/lua-language-server/meta/Lua%205.4%20en-us%20utf8/string.lua
[13:08:43.568][info] [#0:script/workspace/loading.lua:100]: Preload file at: file:///home/fake/.config/emacs/.cache/lsp/lua-language-server/meta/Lua%205.4%20en-us%20utf8/math.lua , size = 8.542 KB
[13:08:43.576][info] [#0:script/workspace/loading.lua:112]: ++++As library of:	file:///home/fake/.config/emacs/.cache/lsp/lua-language-server/meta/Lua%205.4%20en-us%20utf8/math.lua
[13:08:43.576][info] [#0:script/workspace/loading.lua:97]: Skip loaded file: file:///home/fake/.config/emacs/.cache/lsp/lua-language-server/meta/Lua%205.4%20en-us%20utf8/math.lua
[13:08:43.576][info] [#0:script/workspace/loading.lua:100]: Preload file at: file:///home/fake/.config/emacs/.cache/lsp/lua-language-server/meta/Lua%205.4%20en-us%20utf8/builtin.lua , size = 0.302 KB
[13:08:43.576][info] [#0:script/workspace/loading.lua:112]: ++++As library of:	file:///home/fake/.config/emacs/.cache/lsp/lua-language-server/meta/Lua%205.4%20en-us%20utf8/builtin.lua
[13:08:43.576][info] [#0:script/workspace/loading.lua:97]: Skip loaded file: file:///home/fake/.config/emacs/.cache/lsp/lua-language-server/meta/Lua%205.4%20en-us%20utf8/builtin.lua
[13:08:43.576][info] [#0:script/workspace/loading.lua:100]: Preload file at: file:///home/fake/.config/emacs/.cache/lsp/lua-language-server/meta/Lua%205.4%20en-us%20utf8/table.lua , size = 4.445 KB
[13:08:43.579][info] [#0:script/workspace/loading.lua:112]: ++++As library of:	file:///home/fake/.config/emacs/.cache/lsp/lua-language-server/meta/Lua%205.4%20en-us%20utf8/table.lua
[13:08:43.579][info] [#0:script/workspace/loading.lua:100]: Preload file at: file:///home/fake/.config/emacs/.cache/lsp/lua-language-server/meta/Lua%205.4%20en-us%20utf8/utf8.lua , size = 2.386 KB
[13:08:43.580][info] [#0:script/workspace/loading.lua:112]: ++++As library of:	file:///home/fake/.config/emacs/.cache/lsp/lua-language-server/meta/Lua%205.4%20en-us%20utf8/utf8.lua
[13:08:43.580][info] [#0:script/workspace/loading.lua:97]: Skip loaded file: file:///home/fake/.config/emacs/.cache/lsp/lua-language-server/meta/Lua%205.4%20en-us%20utf8/table.lua
[13:08:43.580][info] [#0:script/workspace/loading.lua:97]: Skip loaded file: file:///home/fake/.config/emacs/.cache/lsp/lua-language-server/meta/Lua%205.4%20en-us%20utf8/utf8.lua
[13:08:43.581][info] [#0:script/workspace/loading.lua:100]: Preload file at: file:///home/fake/.config/emacs/.cache/lsp/lua-language-server/meta/Lua%205.4%20en-us%20utf8/io.lua , size = 6.364 KB
[13:08:43.584][info] [#0:script/workspace/loading.lua:112]: ++++As library of:	file:///home/fake/.config/emacs/.cache/lsp/lua-language-server/meta/Lua%205.4%20en-us%20utf8/io.lua
[13:08:43.584][info] [#0:script/workspace/loading.lua:97]: Skip loaded file: file:///home/fake/.config/emacs/.cache/lsp/lua-language-server/meta/Lua%205.4%20en-us%20utf8/io.lua
[13:08:43.584][info] [#0:script/workspace/loading.lua:100]: Preload file at: file:///home/fake/.config/emacs/.cache/lsp/lua-language-server/meta/Lua%205.4%20en-us%20utf8/os.lua , size = 5.611 KB
[13:08:43.587][info] [#0:script/workspace/loading.lua:112]: ++++As library of:	file:///home/fake/.config/emacs/.cache/lsp/lua-language-server/meta/Lua%205.4%20en-us%20utf8/os.lua
[13:08:43.587][info] [#0:script/workspace/loading.lua:97]: Skip loaded file: file:///home/fake/.config/emacs/.cache/lsp/lua-language-server/meta/Lua%205.4%20en-us%20utf8/os.lua
[13:08:43.587][info] [#0:script/workspace/loading.lua:100]: Preload file at: file:///home/fake/.config/emacs/.cache/lsp/lua-language-server/meta/Lua%205.4%20en-us%20utf8/coroutine.lua , size = 2.590 KB
[13:08:43.589][info] [#0:script/workspace/loading.lua:112]: ++++As library of:	file:///home/fake/.config/emacs/.cache/lsp/lua-language-server/meta/Lua%205.4%20en-us%20utf8/coroutine.lua
[13:08:43.589][info] [#0:script/workspace/loading.lua:97]: Skip loaded file: file:///home/fake/.config/emacs/.cache/lsp/lua-language-server/meta/Lua%205.4%20en-us%20utf8/coroutine.lua
[13:08:43.589][info] [#0:script/workspace/loading.lua:172]: Loaded files takes [0.086] sec: <fallback>
[13:08:43.589][info] [#0:script/workspace/loading.lua:181]: Compile files takes [0.000] sec: <fallback>
[13:08:43.589][info] [#0:script/workspace/loading.lua:182]: Loaded finish:	<fallback>
[13:08:43.589][info] [#0:script/workspace/workspace.lua:387]: Preload finish at:	<fallback>
[13:08:43.591][info] [#0:script/workspace/loading.lua:100]: Preload file at: file:///home/fake/dotfiles/nvim/.config/nvim/lua/config/autocmds.lua , size = 0.414 KB
[13:08:43.591][info] [#0:script/workspace/loading.lua:100]: Preload file at: file:///home/fake/dotfiles/nvim/.config/nvim/lua/config/autopair.lua , size = 0.357 KB
[13:08:43.594][info] [#0:script/workspace/loading.lua:88]: Skip loaded file: file:///home/fake/dotfiles/nvim/.config/nvim/lua/config/lazy.lua
[13:08:43.594][info] [#0:script/workspace/loading.lua:100]: Preload file at: file:///home/fake/dotfiles/nvim/.config/nvim/lua/config/keymaps.lua , size = 1.719 KB
[13:08:43.595][info] [#0:script/workspace/loading.lua:100]: Preload file at: file:///home/fake/dotfiles/nvim/.config/nvim/lua/config/options.lua , size = 0.317 KB
[13:08:43.696][info] [#0:script/workspace/loading.lua:172]: Loaded files takes [0.092] sec: file:///home/fake/dotfiles/nvim/.config/nvim/lua/config
[13:08:43.696][info] [#0:script/workspace/loading.lua:181]: Compile files takes [0.000] sec: file:///home/fake/dotfiles/nvim/.config/nvim/lua/config
[13:08:43.696][info] [#0:script/workspace/loading.lua:182]: Loaded finish:	file:///home/fake/dotfiles/nvim/.config/nvim/lua/config
[13:08:43.696][info] [#0:script/workspace/workspace.lua:387]: Preload finish at:	file:///home/fake/dotfiles/nvim/.config/nvim/lua/config
[13:08:43.710][info] [#0:script/provider/diagnostic.lua:560]: Diagnostics scope [file:///home/fake/dotfiles/nvim/.config/nvim/lua/config], files count:[16]
[13:08:43.781][info] [#0:script/provider/diagnostic.lua:577]: Diagnostics scope [file:///home/fake/dotfiles/nvim/.config/nvim/lua/config] finished, takes [0.035] sec.
[13:18:42.583][info] [#0:script/service/service.lua:145]: 
========= Medical Examination Report =========
    --------------- Memory ---------------
        Total: 7.959 MB
        # 00 : 7.619 MB
        # 01 : 0.053 MB
        # 02 : 0.053 MB
        # 03 : 0.121 MB
        # 04 : 0.114 MB
    --------------- Coroutine ---------------
        Total:     126
        Running:   0
        Suspended: 0
        Normal:    0
        Dead:      126
    --------------- Cache ---------------
        Total: 1
        Dead:  0
    ---------------  RPC  ---------------
        Holdon:   0
        Waiting:  0
==============================================
[13:28:42.609][info] [#0:script/service/service.lua:145]: 
========= Medical Examination Report =========
    --------------- Memory ---------------
        Total: 7.964 MB
        # 00 : 7.623 MB
        # 01 : 0.053 MB
        # 02 : 0.053 MB
        # 03 : 0.121 MB
        # 04 : 0.114 MB
    --------------- Coroutine ---------------
        Total:     126
        Running:   0
        Suspended: 0
        Normal:    0
        Dead:      126
    --------------- Cache ---------------
        Total: 1
        Dead:  0
    ---------------  RPC  ---------------
        Holdon:   0
        Waiting:  0
==============================================
[13:38:42.633][info] [#0:script/service/service.lua:145]: 
========= Medical Examination Report =========
    --------------- Memory ---------------
        Total: 7.968 MB
        # 00 : 7.627 MB
        # 01 : 0.053 MB
        # 02 : 0.053 MB
        # 03 : 0.121 MB
        # 04 : 0.114 MB
    --------------- Coroutine ---------------
        Total:     126
        Running:   0
        Suspended: 0
        Normal:    0
        Dead:      126
    --------------- Cache ---------------
        Total: 1
        Dead:  0
    ---------------  RPC  ---------------
        Holdon:   0
        Waiting:  0
==============================================
